2015-04-12 14:42:52,591 INFO  [org.jboss.modules] (main) JBoss Modules version 1.4.2.Final
2015-04-12 14:42:52,891 INFO  [org.jboss.msc] (main) JBoss MSC version 1.2.4.Final
2015-04-12 14:42:52,965 INFO  [org.jboss.as] (MSC service thread 1-7) WFLYSRV0049: WildFly Full 9.0.0.Beta2 (WildFly Core 1.0.0.Beta2) starting
2015-04-12 14:42:52,968 DEBUG [org.jboss.as.config] (MSC service thread 1-7) Configured system properties:
	[Standalone] = 
	awt.toolkit = sun.lwawt.macosx.LWCToolkit
	file.encoding = UTF-8
	file.encoding.pkg = sun.io
	file.separator = /
	ftp.nonProxyHosts = local|*.local|169.254/16|*.169.254/16
	gopherProxySet = false
	http.nonProxyHosts = local|*.local|169.254/16|*.169.254/16
	java.awt.graphicsenv = sun.awt.CGraphicsEnvironment
	java.awt.headless = true
	java.awt.printerjob = sun.lwawt.macosx.CPrinterJob
	java.class.path = /Users/Oliver/GitHub/cloud-computing-project/wildfly-9.0.0.Beta2/jboss-modules.jar
	java.class.version = 51.0
	java.endorsed.dirs = /Library/Java/JavaVirtualMachines/jdk1.7.0_75.jdk/Contents/Home/jre/lib/endorsed
	java.ext.dirs = /Users/Oliver/Library/Java/Extensions:/Library/Java/JavaVirtualMachines/jdk1.7.0_75.jdk/Contents/Home/jre/lib/ext:/Library/Java/Extensions:/Network/Library/Java/Extensions:/System/Library/Java/Extensions:/usr/lib/java
	java.home = /Library/Java/JavaVirtualMachines/jdk1.7.0_75.jdk/Contents/Home/jre
	java.io.tmpdir = /var/folders/n2/_vr9mzz1757f_5gxv5fqxlf80000gn/T/
	java.library.path = /Users/Oliver/Library/Java/Extensions:/Library/Java/Extensions:/Network/Library/Java/Extensions:/System/Library/Java/Extensions:/usr/lib/java:.
	java.net.preferIPv4Stack = true
	java.runtime.name = Java(TM) SE Runtime Environment
	java.runtime.version = 1.7.0_75-b13
	java.specification.name = Java Platform API Specification
	java.specification.vendor = Oracle Corporation
	java.specification.version = 1.7
	java.util.logging.manager = org.jboss.logmanager.LogManager
	java.vendor = Oracle Corporation
	java.vendor.url = http://java.oracle.com/
	java.vendor.url.bug = http://bugreport.sun.com/bugreport/
	java.version = 1.7.0_75
	java.vm.info = mixed mode
	java.vm.name = Java HotSpot(TM) 64-Bit Server VM
	java.vm.specification.name = Java Virtual Machine Specification
	java.vm.specification.vendor = Oracle Corporation
	java.vm.specification.version = 1.7
	java.vm.vendor = Oracle Corporation
	java.vm.version = 24.75-b04
	javax.management.builder.initial = org.jboss.as.jmx.PluggableMBeanServerBuilder
	javax.xml.datatype.DatatypeFactory = __redirected.__DatatypeFactory
	javax.xml.parsers.DocumentBuilderFactory = __redirected.__DocumentBuilderFactory
	javax.xml.parsers.SAXParserFactory = __redirected.__SAXParserFactory
	javax.xml.stream.XMLEventFactory = __redirected.__XMLEventFactory
	javax.xml.stream.XMLInputFactory = __redirected.__XMLInputFactory
	javax.xml.stream.XMLOutputFactory = __redirected.__XMLOutputFactory
	javax.xml.transform.TransformerFactory = __redirected.__TransformerFactory
	javax.xml.validation.SchemaFactory:http://www.w3.org/2001/XMLSchema = __redirected.__SchemaFactory
	javax.xml.xpath.XPathFactory:http://java.sun.com/jaxp/xpath/dom = __redirected.__XPathFactory
	jboss.home.dir = /Users/Oliver/GitHub/cloud-computing-project/wildfly-9.0.0.Beta2
	jboss.host.name = ziyuans-mbp
	jboss.modules.dir = /Users/Oliver/GitHub/cloud-computing-project/wildfly-9.0.0.Beta2/modules
	jboss.modules.system.pkgs = org.jboss.byteman
	jboss.node.name = ziyuans-mbp
	jboss.qualified.host.name = ziyuans-mbp.wv.cc.cmu.edu
	jboss.server.base.dir = /Users/Oliver/GitHub/cloud-computing-project/wildfly-9.0.0.Beta2/standalone
	jboss.server.config.dir = /Users/Oliver/GitHub/cloud-computing-project/wildfly-9.0.0.Beta2/standalone/configuration
	jboss.server.data.dir = /Users/Oliver/GitHub/cloud-computing-project/wildfly-9.0.0.Beta2/standalone/data
	jboss.server.deploy.dir = /Users/Oliver/GitHub/cloud-computing-project/wildfly-9.0.0.Beta2/standalone/data/content
	jboss.server.log.dir = /Users/Oliver/GitHub/cloud-computing-project/wildfly-9.0.0.Beta2/standalone/log
	jboss.server.name = ziyuans-mbp
	jboss.server.persist.config = true
	jboss.server.temp.dir = /Users/Oliver/GitHub/cloud-computing-project/wildfly-9.0.0.Beta2/standalone/tmp
	line.separator = 

	logging.configuration = file:/Users/Oliver/GitHub/cloud-computing-project/wildfly-9.0.0.Beta2/standalone/configuration/logging.properties
	module.path = /Users/Oliver/GitHub/cloud-computing-project/wildfly-9.0.0.Beta2/modules
	org.jboss.boot.log.file = /Users/Oliver/GitHub/cloud-computing-project/wildfly-9.0.0.Beta2/standalone/log/server.log
	org.jboss.resolver.warning = true
	org.xml.sax.driver = __redirected.__XMLReaderFactory
	os.arch = x86_64
	os.name = Mac OS X
	os.version = 10.10.2
	path.separator = :
	socksNonProxyHosts = local|*.local|169.254/16|*.169.254/16
	sun.arch.data.model = 64
	sun.boot.class.path = /Library/Java/JavaVirtualMachines/jdk1.7.0_75.jdk/Contents/Home/jre/lib/resources.jar:/Library/Java/JavaVirtualMachines/jdk1.7.0_75.jdk/Contents/Home/jre/lib/rt.jar:/Library/Java/JavaVirtualMachines/jdk1.7.0_75.jdk/Contents/Home/jre/lib/sunrsasign.jar:/Library/Java/JavaVirtualMachines/jdk1.7.0_75.jdk/Contents/Home/jre/lib/jsse.jar:/Library/Java/JavaVirtualMachines/jdk1.7.0_75.jdk/Contents/Home/jre/lib/jce.jar:/Library/Java/JavaVirtualMachines/jdk1.7.0_75.jdk/Contents/Home/jre/lib/charsets.jar:/Library/Java/JavaVirtualMachines/jdk1.7.0_75.jdk/Contents/Home/jre/lib/jfr.jar:/Library/Java/JavaVirtualMachines/jdk1.7.0_75.jdk/Contents/Home/jre/classes
	sun.boot.library.path = /Library/Java/JavaVirtualMachines/jdk1.7.0_75.jdk/Contents/Home/jre/lib
	sun.cpu.endian = little
	sun.cpu.isalist = 
	sun.io.unicode.encoding = UnicodeBig
	sun.java.command = /Users/Oliver/GitHub/cloud-computing-project/wildfly-9.0.0.Beta2/jboss-modules.jar -mp /Users/Oliver/GitHub/cloud-computing-project/wildfly-9.0.0.Beta2/modules org.jboss.as.standalone -Djboss.home.dir=/Users/Oliver/GitHub/cloud-computing-project/wildfly-9.0.0.Beta2 -Djboss.server.base.dir=/Users/Oliver/GitHub/cloud-computing-project/wildfly-9.0.0.Beta2/standalone
	sun.java.launcher = SUN_STANDARD
	sun.jnu.encoding = UTF-8
	sun.management.compiler = HotSpot 64-Bit Tiered Compilers
	sun.os.patch.level = unknown
	user.country = US
	user.dir = /Users/Oliver/GitHub/cloud-computing-project/wildfly-9.0.0.Beta2
	user.home = /Users/Oliver
	user.language = en
	user.name = Oliver
	user.timezone = America/New_York
2015-04-12 14:42:52,970 DEBUG [org.jboss.as.config] (MSC service thread 1-7) VM Arguments: -D[Standalone] -XX:+UseCompressedOops -XX:+UseCompressedOops -Xms64m -Xmx512m -XX:MaxPermSize=256m -Djava.net.preferIPv4Stack=true -Djboss.modules.system.pkgs=org.jboss.byteman -Djava.awt.headless=true -Dorg.jboss.boot.log.file=/Users/Oliver/GitHub/cloud-computing-project/wildfly-9.0.0.Beta2/standalone/log/server.log -Dlogging.configuration=file:/Users/Oliver/GitHub/cloud-computing-project/wildfly-9.0.0.Beta2/standalone/configuration/logging.properties 
2015-04-12 14:42:53,956 INFO  [org.jboss.as.controller.management-deprecated] (ServerService Thread Pool -- 21) WFLYCTL0028: Attribute enabled is deprecated, and it might be removed in future version!
2015-04-12 14:42:53,997 INFO  [org.jboss.as.server] (Controller Boot Thread) WFLYSRV0039: Creating http management service using socket-binding (management-http)
2015-04-12 14:42:54,031 INFO  [org.xnio] (MSC service thread 1-6) XNIO version 3.3.0.Final
2015-04-12 14:42:54,045 INFO  [org.xnio.nio] (MSC service thread 1-6) XNIO NIO Implementation Version 3.3.0.Final
2015-04-12 14:42:54,099 INFO  [org.jboss.remoting] (MSC service thread 1-6) JBoss Remoting version 4.0.8.Final
2015-04-12 14:42:54,100 INFO  [org.jboss.as.connector.subsystems.datasources] (ServerService Thread Pool -- 33) WFLYJCA0004: Deploying JDBC-compliant driver class org.h2.Driver (version 1.3)
2015-04-12 14:42:54,103 INFO  [org.wildfly.extension.io] (ServerService Thread Pool -- 37) WFLYIO001: Worker 'default' has auto-configured to 8 core threads with 64 task threads based on your 4 available processors
2015-04-12 14:42:54,120 INFO  [org.jboss.as.clustering.infinispan] (ServerService Thread Pool -- 38) WFLYCLINF0001: Activating Infinispan subsystem.
2015-04-12 14:42:54,154 INFO  [org.jboss.as.connector] (MSC service thread 1-8) WFLYJCA0009: Starting JCA Subsystem (IronJacamar 1.2.3.Final)
2015-04-12 14:42:54,159 INFO  [org.jboss.as.connector.deployers.jdbc] (MSC service thread 1-2) WFLYJCA0018: Started Driver service with driver-name = h2
2015-04-12 14:42:54,170 INFO  [org.jboss.as.jsf] (ServerService Thread Pool -- 44) WFLYJSF0007: Activated the following JSF Implementations: [main]
2015-04-12 14:42:54,193 INFO  [org.jboss.as.security] (ServerService Thread Pool -- 53) WFLYSEC0002: Activating Security Subsystem
2015-04-12 14:42:54,193 WARN  [org.jboss.as.txn] (ServerService Thread Pool -- 54) WFLYTX0013: Node identifier property is set to the default value. Please make sure it is unique.
2015-04-12 14:42:54,199 INFO  [org.jboss.as.naming] (ServerService Thread Pool -- 46) WFLYNAM0001: Activating Naming Subsystem
2015-04-12 14:42:54,211 INFO  [org.jboss.as.security] (MSC service thread 1-6) WFLYSEC0001: Current PicketBox version=4.9.0.Beta2
2015-04-12 14:42:54,232 INFO  [org.jboss.as.webservices] (ServerService Thread Pool -- 56) WFLYWS0002: Activating WebServices Extension
2015-04-12 14:42:54,257 INFO  [org.wildfly.extension.undertow] (ServerService Thread Pool -- 55) WFLYUT0003: Undertow 1.2.0.Beta10 starting
2015-04-12 14:42:54,257 INFO  [org.wildfly.extension.undertow] (MSC service thread 1-3) WFLYUT0003: Undertow 1.2.0.Beta10 starting
2015-04-12 14:42:54,270 INFO  [org.jboss.as.naming] (MSC service thread 1-5) WFLYNAM0003: Starting Naming Service
2015-04-12 14:42:54,271 INFO  [org.jboss.as.mail.extension] (MSC service thread 1-5) WFLYMAIL0001: Bound mail session [java:jboss/mail/Default]
2015-04-12 14:42:54,406 INFO  [org.wildfly.extension.undertow] (ServerService Thread Pool -- 55) WFLYUT0014: Creating file handler for path /Users/Oliver/GitHub/cloud-computing-project/wildfly-9.0.0.Beta2/welcome-content
2015-04-12 14:42:54,439 INFO  [org.wildfly.extension.undertow] (MSC service thread 1-8) WFLYUT0012: Started server default-server.
2015-04-12 14:42:54,475 INFO  [org.wildfly.extension.undertow] (MSC service thread 1-1) WFLYUT0018: Host default-host starting
2015-04-12 14:42:54,608 INFO  [org.wildfly.extension.undertow] (MSC service thread 1-7) WFLYUT0006: Undertow HTTP listener default listening on /127.0.0.1:8080
2015-04-12 14:42:54,842 INFO  [org.jboss.as.connector.subsystems.datasources] (MSC service thread 1-4) WFLYJCA0001: Bound data source [java:jboss/datasources/ExampleDS]
2015-04-12 14:42:54,931 INFO  [org.jboss.as.server.deployment.scanner] (MSC service thread 1-5) WFLYDS0013: Started FileSystemDeploymentService for directory /Users/Oliver/GitHub/cloud-computing-project/wildfly-9.0.0.Beta2/standalone/deployments
2015-04-12 14:42:55,237 INFO  [org.jboss.ws.common.management] (MSC service thread 1-7) JBWS022052: Starting JBoss Web Services - Stack CXF Server 5.0.0.Beta3
2015-04-12 14:42:55,690 INFO  [org.jboss.as] (Controller Boot Thread) WFLYSRV0060: Http management interface listening on http://127.0.0.1:9990/management
2015-04-12 14:42:55,691 INFO  [org.jboss.as] (Controller Boot Thread) WFLYSRV0051: Admin console listening on http://127.0.0.1:9990
2015-04-12 14:42:55,691 INFO  [org.jboss.as] (Controller Boot Thread) WFLYSRV0025: WildFly Full 9.0.0.Beta2 (WildFly Core 1.0.0.Beta2) started in 3542ms - Started 202 of 379 services (210 services are lazy, passive or on-demand)
2015-04-12 15:02:34,844 INFO  [org.jboss.as.server] (Thread-2) WFLYSRV0220: Server shutdown has been requested.
2015-04-12 15:02:34,864 INFO  [org.jboss.as.connector.subsystems.datasources] (MSC service thread 1-3) WFLYJCA0010: Unbound data source [java:jboss/datasources/ExampleDS]
2015-04-12 15:02:34,865 INFO  [org.wildfly.extension.undertow] (MSC service thread 1-8) WFLYUT0019: Host default-host stopping
2015-04-12 15:02:34,873 INFO  [org.jboss.as.connector.deployers.jdbc] (MSC service thread 1-5) WFLYJCA0019: Stopped Driver service with driver-name = h2
2015-04-12 15:02:34,893 INFO  [org.wildfly.extension.undertow] (MSC service thread 1-4) WFLYUT0008: Undertow HTTP listener default suspending
2015-04-12 15:02:34,894 INFO  [org.wildfly.extension.undertow] (MSC service thread 1-4) WFLYUT0007: Undertow HTTP listener default stopped, was bound to /127.0.0.1:8080
2015-04-12 15:02:34,896 INFO  [org.wildfly.extension.undertow] (MSC service thread 1-3) WFLYUT0004: Undertow 1.2.0.Beta10 stopping
2015-04-12 15:02:34,917 INFO  [org.jboss.as] (MSC service thread 1-2) WFLYSRV0050: WildFly Full 9.0.0.Beta2 (WildFly Core 1.0.0.Beta2) stopped in 50ms
